<?xml version="1.0" encoding="UTF-8"?>
<!-- Generated by org.testng.reporters.JUnitReportReporter -->
<testsuite skipped="0" hostname="MoonMachine" name="test.LoginTest" tests="1" failures="0" timestamp="2020-04-03T14:01:36 CDT" time="5.161" errors="0">
  <testcase name="TechfiosLoginTest" time="5.161" classname="test.LoginTest"/>
  <system-out/>
</testsuite> <!-- test.LoginTest -->
